<?xml version="1.0" encoding="UTF-8"?>
<!-- Generated by org.testng.reporters.JUnitXMLReporter -->
<testsuite hostname="Yair-PC" name="firefoxTest" tests="1" failures="1" timestamp="24 Mar 2016 10:16:16 GMT" time="4.076" errors="0">
  <testcase name="testCase1Method" time="0.017" classname="com.javacodekava.testng.maven.TC1_tstNg">
    <failure type="java.lang.NullPointerException">
      <![CDATA[java.lang.NullPointerException
	at com.javacodekava.testng.maven.TC1_tstNg.testCase1Method(TC1_tstNg.java:71)
... Removed 25 stack frames]]>
    </failure>
  </testcase> <!-- testCase1Method -->
</testsuite> <!-- firefoxTest -->
