<?xml version="1.0" encoding="UTF-8"?>
<!-- Generated by org.testng.reporters.JUnitXMLReporter -->
<testsuite hostname="Yair-PC" name="Test" tests="3" failures="0" timestamp="23 Mar 2016 09:51:56 GMT" time="32.377" errors="0">
  <testcase name="exampleOfTestMaven_2" time="0.0" classname="com.javacodekava.testng.maven.TestNgMavenExampleTest"/>
  <testcase name="exampleOfTestMaven_3" time="0.0" classname="com.javacodekava.testng.maven.TestNgMavenExampleTest"/>
  <testcase name="testCase1Method" time="32.329" classname="com.javacodekava.testng.maven.TC1_tstNg"/>
</testsuite> <!-- Test -->
