<?xml version="1.0" encoding="UTF-8"?>
<testng-results skipped="0" failed="1" total="1" passed="0">
  <reporter-output>
  </reporter-output>
  <suite name="Suite" duration-ms="4076" started-at="2016-03-24T10:16:12Z" finished-at="2016-03-24T10:16:16Z">
    <groups>
    </groups>
    <test name="firefoxTest" duration-ms="4076" started-at="2016-03-24T10:16:12Z" finished-at="2016-03-24T10:16:16Z">
      <class name="com.javacodekava.testng.maven.TC1_tstNg">
        <test-method status="PASS" signature="beforeTest(java.lang.String)[pri:0, instance:com.javacodekava.testng.maven.TC1_tstNg@21213b92]" name="beforeTest" is-config="true" duration-ms="4039" started-at="2016-03-24T12:16:12Z" finished-at="2016-03-24T12:16:16Z">
          <params>
            <param index="0">
              <value>
                <![CDATA[firefox]]>
              </value>
            </param>
          </params>
          <reporter-output>
          </reporter-output>
        </test-method> <!-- beforeTest -->
        <test-method status="FAIL" signature="testCase1Method()[pri:0, instance:com.javacodekava.testng.maven.TC1_tstNg@21213b92]" name="testCase1Method" duration-ms="17" started-at="2016-03-24T12:16:16Z" finished-at="2016-03-24T12:16:16Z">
          <exception class="java.lang.NullPointerException">
            <full-stacktrace>
              <![CDATA[java.lang.NullPointerException
	at com.javacodekava.testng.maven.TC1_tstNg.testCase1Method(TC1_tstNg.java:71)
	at sun.reflect.NativeMethodAccessorImpl.invoke0(Native Method)
	at sun.reflect.NativeMethodAccessorImpl.invoke(Unknown Source)
	at sun.reflect.DelegatingMethodAccessorImpl.invoke(Unknown Source)
	at java.lang.reflect.Method.invoke(Unknown Source)
	at org.testng.internal.MethodInvocationHelper.invokeMethod(MethodInvocationHelper.java:86)
	at org.testng.internal.Invoker.invokeMethod(Invoker.java:646)
	at org.testng.internal.Invoker.invokeTestMethod(Invoker.java:823)
	at org.testng.internal.Invoker.invokeTestMethods(Invoker.java:1131)
	at org.testng.internal.TestMethodWorker.invokeTestMethods(TestMethodWorker.java:128)
	at org.testng.internal.TestMethodWorker.run(TestMethodWorker.java:112)
	at org.testng.TestRunner.privateRun(TestRunner.java:778)
	at org.testng.TestRunner.run(TestRunner.java:632)
	at org.testng.SuiteRunner.runTest(SuiteRunner.java:366)
	at org.testng.SuiteRunner.runSequentially(SuiteRunner.java:361)
	at org.testng.SuiteRunner.privateRun(SuiteRunner.java:319)
	at org.testng.SuiteRunner.run(SuiteRunner.java:268)
	at org.testng.SuiteRunnerWorker.runSuite(SuiteRunnerWorker.java:52)
	at org.testng.SuiteRunnerWorker.run(SuiteRunnerWorker.java:86)
	at org.testng.TestNG.runSuitesSequentially(TestNG.java:1225)
	at org.testng.TestNG.runSuitesLocally(TestNG.java:1150)
	at org.testng.TestNG.runSuites(TestNG.java:1075)
	at org.testng.TestNG.run(TestNG.java:1047)
	at org.testng.remote.AbstractRemoteTestNG.run(AbstractRemoteTestNG.java:126)
	at org.testng.remote.RemoteTestNG.initAndRun(RemoteTestNG.java:75)
	at org.testng.remote.RemoteTestNG.main(RemoteTestNG.java:46)
]]>
            </full-stacktrace>
          </exception> <!-- java.lang.NullPointerException -->
          <reporter-output>
          </reporter-output>
        </test-method> <!-- testCase1Method -->
      </class> <!-- com.javacodekava.testng.maven.TC1_tstNg -->
    </test> <!-- firefoxTest -->
  </suite> <!-- Suite -->
</testng-results>
